<?xml version="1.0" encoding="UTF-8"?>
<!-- Generated by org.testng.reporters.JUnitXMLReporter -->
<testsuite hostname="host-1" name="Skytap Test" tests="73" failures="3" timestamp="13 Oct 2016 11:43:38 GMT" time="2534.304" errors="0">
  <testcase name="createCustomer" time="55.645" classname="com.test.skytap.A_SuperUserTest"/>
  <testcase name="createAdminUser" time="21.209" classname="com.test.skytap.A_SuperUserTest"/>
  <testcase name="createAdminUser" time="118.945" classname="com.test.skytap.B_AdminUserTest"/>
  <testcase name="createNonAdminUser" time="34.201" classname="com.test.skytap.B_AdminUserTest"/>
  <testcase name="deleteNonAdminUser" time="3.913" classname="com.test.skytap.B_AdminUserTest"/>
  <testcase name="deleteAdminUser" time="3.673" classname="com.test.skytap.B_AdminUserTest"/>
  <testcase name="deleteCustomer" time="17.764" classname="com.test.skytap.B_AdminUserTest"/>
  <testcase name="uploadAsset" time="19.459" classname="com.test.skytap.C_AssetsTest"/>
  <testcase name="deleteAsset" time="4.503" classname="com.test.skytap.C_AssetsTest"/>
  <testcase name="createProject" time="2.466" classname="com.test.skytap.D_ProjectsTest"/>
  <testcase name="addTemplateToProject" time="4.512" classname="com.test.skytap.D_ProjectsTest"/>
  <testcase name="addEnvironmentToProject" time="44.098" classname="com.test.skytap.D_ProjectsTest"/>
  <testcase name="addAssetToProject" time="2.218" classname="com.test.skytap.D_ProjectsTest"/>
  <testcase name="addUserToProject" time="1.789" classname="com.test.skytap.D_ProjectsTest"/>
  <testcase name="deleteProject" time="3.871" classname="com.test.skytap.D_ProjectsTest"/>
  <testcase name="searchTemplates" time="6.375" classname="com.test.skytap.E_TemplatesConfigurationsTest"/>
  <testcase name="createTemplate" time="5.901" classname="com.test.skytap.E_TemplatesConfigurationsTest"/>
  <testcase name="createAndRunVmInEnvironment" time="38.865" classname="com.test.skytap.E_TemplatesConfigurationsTest"/>
  <testcase name="addTemplateToEnvironment" time="20.998" classname="com.test.skytap.E_TemplatesConfigurationsTest"/>
  <testcase name="insertISO" time="28.447" classname="com.test.skytap.E_TemplatesConfigurationsTest"/>
  <testcase name="suspendVM" time="226.306" classname="com.test.skytap.E_TemplatesConfigurationsTest"/>
  <testcase name="shutDownVM" time="307.421" classname="com.test.skytap.E_TemplatesConfigurationsTest">
    <failure type="org.openqa.selenium.TimeoutException" message="Timed out after 300 seconds waiting for visibility of element located by By.xpath: //span[@title=&amp;apos;Powered off&amp;apos;]
Build info: version: &amp;apos;2.53.0&amp;apos;, revision: &amp;apos;35ae25b1534ae328c771e0856c93e187490ca824&amp;apos;, time: &amp;apos;2016-03-15 10:43:46&amp;apos;
System info: host: &amp;apos;host-1&amp;apos;, ip: &amp;apos;10.1.14.172&amp;apos;, os.name: &amp;apos;Windows 7&amp;apos;, os.arch: &amp;apos;x86&amp;apos;, os.version: &amp;apos;6.1&amp;apos;, java.version: &amp;apos;1.8.0_101&amp;apos;
Driver info: org.openqa.selenium.firefox.FirefoxDriver
Capabilities [{applicationCacheEnabled=true, rotatable=false, handlesAlerts=true, databaseEnabled=true, version=46.0, platform=WINDOWS, nativeEvents=false, acceptSslCerts=true, webStorageEnabled=true, locationContextEnabled=true, browserName=firefox, takesScreenshot=true, javascriptEnabled=true, cssSelectorsEnabled=true}]
Session ID: ecb7fe72-c1e9-4c35-a49f-6751991f2b40">
      <![CDATA[org.openqa.selenium.TimeoutException: Timed out after 300 seconds waiting for visibility of element located by By.xpath: //span[@title='Powered off']
Build info: version: '2.53.0', revision: '35ae25b1534ae328c771e0856c93e187490ca824', time: '2016-03-15 10:43:46'
System info: host: 'host-1', ip: '10.1.14.172', os.name: 'Windows 7', os.arch: 'x86', os.version: '6.1', java.version: '1.8.0_101'
Driver info: org.openqa.selenium.firefox.FirefoxDriver
Capabilities [{applicationCacheEnabled=true, rotatable=false, handlesAlerts=true, databaseEnabled=true, version=46.0, platform=WINDOWS, nativeEvents=false, acceptSslCerts=true, webStorageEnabled=true, locationContextEnabled=true, browserName=firefox, takesScreenshot=true, javascriptEnabled=true, cssSelectorsEnabled=true}]
Session ID: ecb7fe72-c1e9-4c35-a49f-6751991f2b40
	at org.openqa.selenium.support.ui.WebDriverWait.timeoutException(WebDriverWait.java:80)
	at org.openqa.selenium.support.ui.FluentWait.until(FluentWait.java:261)
	at com.test.skytap.E_TemplatesConfigurations.shutDownVM(E_TemplatesConfigurations.java:114)
	at com.test.skytap.E_TemplatesConfigurationsTest.shutDownVM(E_TemplatesConfigurationsTest.java:53)
	at java.util.concurrent.FutureTask.run(Unknown Source)
	at java.util.concurrent.ThreadPoolExecutor.runWorker(Unknown Source)
	at java.util.concurrent.ThreadPoolExecutor$Worker.run(Unknown Source)
	at java.lang.Thread.run(Unknown Source)
Caused by: org.openqa.selenium.NoSuchElementException: Unable to locate element: {"method":"xpath","selector":"//span[@title='Powered off']"}
Command duration or timeout: 20.02 seconds
For documentation on this error, please visit: http://seleniumhq.org/exceptions/no_such_element.html
Build info: version: '2.53.0', revision: '35ae25b1534ae328c771e0856c93e187490ca824', time: '2016-03-15 10:43:46'
System info: host: 'host-1', ip: '10.1.14.172', os.name: 'Windows 7', os.arch: 'x86', os.version: '6.1', java.version: '1.8.0_101'
Driver info: org.openqa.selenium.firefox.FirefoxDriver
Capabilities [{applicationCacheEnabled=true, rotatable=false, handlesAlerts=true, databaseEnabled=true, version=46.0, platform=WINDOWS, nativeEvents=false, acceptSslCerts=true, webStorageEnabled=true, locationContextEnabled=true, browserName=firefox, takesScreenshot=true, javascriptEnabled=true, cssSelectorsEnabled=true}]
Session ID: ecb7fe72-c1e9-4c35-a49f-6751991f2b40
*** Element info: {Using=xpath, value=//span[@title='Powered off']}
	at org.openqa.selenium.remote.ErrorHandler.createThrowable(ErrorHandler.java:206)
	at org.openqa.selenium.remote.ErrorHandler.throwIfResponseFailed(ErrorHandler.java:158)
	at org.openqa.selenium.remote.RemoteWebDriver.execute(RemoteWebDriver.java:678)
	at org.openqa.selenium.remote.RemoteWebDriver.findElement(RemoteWebDriver.java:363)
	at org.openqa.selenium.remote.RemoteWebDriver.findElementByXPath(RemoteWebDriver.java:500)
	at org.openqa.selenium.By$ByXPath.findElement(By.java:361)
	at org.openqa.selenium.remote.RemoteWebDriver.findElement(RemoteWebDriver.java:355)
	at org.openqa.selenium.support.ui.ExpectedConditions.findElement(ExpectedConditions.java:899)
	at org.openqa.selenium.support.ui.ExpectedConditions.access$000(ExpectedConditions.java:41)
	at org.openqa.selenium.support.ui.ExpectedConditions$7.apply(ExpectedConditions.java:205)
	at org.openqa.selenium.support.ui.ExpectedConditions$7.apply(ExpectedConditions.java:201)
	at org.openqa.selenium.support.ui.FluentWait.until(FluentWait.java:238)
	... 22 more
Caused by: org.openqa.selenium.NoSuchElementException: Unable to locate element: {"method":"xpath","selector":"//span[@title='Powered off']"}
For documentation on this error, please visit: http://seleniumhq.org/exceptions/no_such_element.html
Build info: version: '2.53.0', revision: '35ae25b1534ae328c771e0856c93e187490ca824', time: '2016-03-15 10:43:46'
System info: host: 'host-1', ip: '10.1.14.172', os.name: 'Windows 7', os.arch: 'x86', os.version: '6.1', java.version: '1.8.0_101'
Driver info: driver.version: unknown
	at <anonymous class>.FirefoxDriver.prototype.findElementInternal_(file:///C:/Users/Skytap/AppData/Local/Temp/anonymous3313986832573192344webdriver-profile/extensions/fxdriver@googlecode.com/components/driver-component.js:10770)
	at <anonymous class>.fxdriver.Timer.prototype.setTimeout/<.notify(file:///C:/Users/Skytap/AppData/Local/Temp/anonymous3313986832573192344webdriver-profile/extensions/fxdriver@googlecode.com/components/driver-component.js:625)
... Removed 19 stack frames]]>
    </failure>
  </testcase> <!-- shutDownVM -->
  <testcase name="powerOffVM" time="34.664" classname="com.test.skytap.E_TemplatesConfigurationsTest"/>
  <testcase name="runEnv" time="180.141" classname="com.test.skytap.E_TemplatesConfigurationsTest"/>
  <testcase name="suspendEnv" time="223.61" classname="com.test.skytap.E_TemplatesConfigurationsTest"/>
  <testcase name="shutDownEnv" time="44.833" classname="com.test.skytap.E_TemplatesConfigurationsTest"/>
  <testcase name="powerOffEnv" time="54.705" classname="com.test.skytap.E_TemplatesConfigurationsTest"/>
  <testcase name="publishVM" time="6.544" classname="com.test.skytap.E_TemplatesConfigurationsTest"/>
  <testcase name="saveEnv" time="20.004" classname="com.test.skytap.E_TemplatesConfigurationsTest"/>
  <testcase name="deleteVmAndEnv" time="36.513" classname="com.test.skytap.E_TemplatesConfigurationsTest"/>
  <testcase name="fetchPIP" time="4.456" classname="com.test.skytap.G_PIPTest"/>
  <testcase name="releasePIP" time="4.256" classname="com.test.skytap.G_PIPTest"/>
  <testcase name="svmUsage" time="52.075" classname="com.test.skytap.I_UsageTest">
    <failure type="org.openqa.selenium.NoSuchElementException" message="Unable to locate element: {&amp;quot;method&amp;quot;:&amp;quot;css selector&amp;quot;,&amp;quot;selector&amp;quot;:&amp;quot;.run-vm&amp;quot;}
Command duration or timeout: 20.09 seconds
For documentation on this error, please visit: http://seleniumhq.org/exceptions/no_such_element.html
Build info: version: &amp;apos;2.53.0&amp;apos;, revision: &amp;apos;35ae25b1534ae328c771e0856c93e187490ca824&amp;apos;, time: &amp;apos;2016-03-15 10:43:46&amp;apos;
System info: host: &amp;apos;host-1&amp;apos;, ip: &amp;apos;10.1.14.172&amp;apos;, os.name: &amp;apos;Windows 7&amp;apos;, os.arch: &amp;apos;x86&amp;apos;, os.version: &amp;apos;6.1&amp;apos;, java.version: &amp;apos;1.8.0_101&amp;apos;
Driver info: org.openqa.selenium.firefox.FirefoxDriver
Capabilities [{applicationCacheEnabled=true, rotatable=false, handlesAlerts=true, databaseEnabled=true, version=46.0, platform=WINDOWS, nativeEvents=false, acceptSslCerts=true, webStorageEnabled=true, locationContextEnabled=true, browserName=firefox, takesScreenshot=true, javascriptEnabled=true, cssSelectorsEnabled=true}]
Session ID: 8c1f3b83-2fa9-4700-a5a0-76203e2d52e9
*** Element info: {Using=css selector, value=.run-vm}">
      <![CDATA[org.openqa.selenium.NoSuchElementException: Unable to locate element: {"method":"css selector","selector":".run-vm"}
Command duration or timeout: 20.09 seconds
For documentation on this error, please visit: http://seleniumhq.org/exceptions/no_such_element.html
Build info: version: '2.53.0', revision: '35ae25b1534ae328c771e0856c93e187490ca824', time: '2016-03-15 10:43:46'
System info: host: 'host-1', ip: '10.1.14.172', os.name: 'Windows 7', os.arch: 'x86', os.version: '6.1', java.version: '1.8.0_101'
Driver info: org.openqa.selenium.firefox.FirefoxDriver
Capabilities [{applicationCacheEnabled=true, rotatable=false, handlesAlerts=true, databaseEnabled=true, version=46.0, platform=WINDOWS, nativeEvents=false, acceptSslCerts=true, webStorageEnabled=true, locationContextEnabled=true, browserName=firefox, takesScreenshot=true, javascriptEnabled=true, cssSelectorsEnabled=true}]
Session ID: 8c1f3b83-2fa9-4700-a5a0-76203e2d52e9
*** Element info: {Using=css selector, value=.run-vm}
	at org.openqa.selenium.remote.ErrorHandler.createThrowable(ErrorHandler.java:206)
	at org.openqa.selenium.remote.ErrorHandler.throwIfResponseFailed(ErrorHandler.java:158)
	at org.openqa.selenium.remote.RemoteWebDriver.execute(RemoteWebDriver.java:678)
	at org.openqa.selenium.remote.RemoteWebDriver.findElement(RemoteWebDriver.java:363)
	at org.openqa.selenium.remote.RemoteWebDriver.findElementByCssSelector(RemoteWebDriver.java:492)
	at org.openqa.selenium.By$ByCssSelector.findElement(By.java:430)
	at org.openqa.selenium.remote.RemoteWebDriver.findElement(RemoteWebDriver.java:355)
	at com.test.skytap.I_Usage.svmUsage(I_Usage.java:17)
	at com.test.skytap.I_UsageTest.svmUsage(I_UsageTest.java:24)
	at java.util.concurrent.FutureTask.run(Unknown Source)
	at java.util.concurrent.ThreadPoolExecutor.runWorker(Unknown Source)
	at java.util.concurrent.ThreadPoolExecutor$Worker.run(Unknown Source)
	at java.lang.Thread.run(Unknown Source)
Caused by: org.openqa.selenium.NoSuchElementException: Unable to locate element: {"method":"css selector","selector":".run-vm"}
For documentation on this error, please visit: http://seleniumhq.org/exceptions/no_such_element.html
Build info: version: '2.53.0', revision: '35ae25b1534ae328c771e0856c93e187490ca824', time: '2016-03-15 10:43:46'
System info: host: 'host-1', ip: '10.1.14.172', os.name: 'Windows 7', os.arch: 'x86', os.version: '6.1', java.version: '1.8.0_101'
Driver info: driver.version: unknown
	at <anonymous class>.FirefoxDriver.prototype.findElementInternal_(file:///C:/Users/Skytap/AppData/Local/Temp/anonymous430111743752562097webdriver-profile/extensions/fxdriver@googlecode.com/components/driver-component.js:10770)
	at <anonymous class>.fxdriver.Timer.prototype.setTimeout/<.notify(file:///C:/Users/Skytap/AppData/Local/Temp/anonymous430111743752562097webdriver-profile/extensions/fxdriver@googlecode.com/components/driver-component.js:625)
... Removed 19 stack frames]]>
    </failure>
  </testcase> <!-- svmUsage -->
  <testcase name="storageUsage" time="3.428" classname="com.test.skytap.I_UsageTest"/>
  <testcase name="svmNoGroupingCurrentMonth" time="3.009" classname="com.test.skytap.I_UsageTest"/>
  <testcase name="storageNoGroupingCurrentMonth" time="2.97" classname="com.test.skytap.I_UsageTest"/>
  <testcase name="svmNoGroupingLastMonth" time="3.107" classname="com.test.skytap.I_UsageTest"/>
  <testcase name="storageNoGroupingLastMonth" time="4.198" classname="com.test.skytap.I_UsageTest"/>
  <testcase name="svmUsageSuper" time="18.684" classname="com.test.skytap.I_UsageTest"/>
  <testcase name="storageUsageSuper" time="10.358" classname="com.test.skytap.I_UsageTest"/>
  <testcase name="superTab" time="0.837" classname="com.test.skytap.J_HelpPagesTest"/>
  <testcase name="adminTab" time="3.36" classname="com.test.skytap.J_HelpPagesTest"/>
  <testcase name="createSharingPortal" time="4.507" classname="com.test.skytap.K_SharingPortalTest"/>
  <testcase name="noPasswordPortalSingleVM" time="1.762" classname="com.test.skytap.K_SharingPortalTest"/>
  <testcase name="passwordPortalSingleVM" time="10.481" classname="com.test.skytap.K_SharingPortalTest"/>
  <testcase name="AccessISTSingleVM" time="5.923" classname="com.test.skytap.K_SharingPortalTest"/>
  <testcase name="powerActionsSingleVM" time="62.861" classname="com.test.skytap.K_SharingPortalTest"/>
  <testcase name="noPasswordPortalMultipleVM" time="17.984" classname="com.test.skytap.K_SharingPortalTest"/>
  <testcase name="passwordPortalMultipleVM" time="10.262" classname="com.test.skytap.K_SharingPortalTest"/>
  <testcase name="AccessISTMultipleVM" time="5.557" classname="com.test.skytap.K_SharingPortalTest"/>
  <testcase name="powerActionsMultipleVM" time="55.56" classname="com.test.skytap.K_SharingPortalTest"/>
  <testcase name="addByName" time="13.851" classname="com.test.skytap.L_PublishedServicesTest"/>
  <testcase name="addByPort" time="13.751" classname="com.test.skytap.L_PublishedServicesTest"/>
  <testcase name="exportVM" time="11.092" classname="com.test.skytap.Q_ImportExportTest"/>
  <testcase name="importVM" time="25.468" classname="com.test.skytap.Q_ImportExportTest">
    <failure type="org.openqa.selenium.WebDriverException" message="Component returned failure code: 0x80520012 (NS_ERROR_FILE_NOT_FOUND) [nsIWebNavigation.loadURIWithOptions]
Command duration or timeout: 20.34 seconds
Build info: version: &amp;apos;2.53.0&amp;apos;, revision: &amp;apos;35ae25b1534ae328c771e0856c93e187490ca824&amp;apos;, time: &amp;apos;2016-03-15 10:43:46&amp;apos;
System info: host: &amp;apos;host-1&amp;apos;, ip: &amp;apos;10.1.14.172&amp;apos;, os.name: &amp;apos;Windows 7&amp;apos;, os.arch: &amp;apos;x86&amp;apos;, os.version: &amp;apos;6.1&amp;apos;, java.version: &amp;apos;1.8.0_101&amp;apos;
Driver info: org.openqa.selenium.firefox.FirefoxDriver
Capabilities [{applicationCacheEnabled=true, rotatable=false, handlesAlerts=true, databaseEnabled=true, version=46.0, platform=WINDOWS, nativeEvents=false, acceptSslCerts=true, webStorageEnabled=true, locationContextEnabled=true, browserName=firefox, takesScreenshot=true, javascriptEnabled=true, cssSelectorsEnabled=true}]
Session ID: 04e31302-cd74-4c04-b877-101305bb45e1">
      <![CDATA[org.openqa.selenium.WebDriverException: Component returned failure code: 0x80520012 (NS_ERROR_FILE_NOT_FOUND) [nsIWebNavigation.loadURIWithOptions]
Command duration or timeout: 20.34 seconds
Build info: version: '2.53.0', revision: '35ae25b1534ae328c771e0856c93e187490ca824', time: '2016-03-15 10:43:46'
System info: host: 'host-1', ip: '10.1.14.172', os.name: 'Windows 7', os.arch: 'x86', os.version: '6.1', java.version: '1.8.0_101'
Driver info: org.openqa.selenium.firefox.FirefoxDriver
Capabilities [{applicationCacheEnabled=true, rotatable=false, handlesAlerts=true, databaseEnabled=true, version=46.0, platform=WINDOWS, nativeEvents=false, acceptSslCerts=true, webStorageEnabled=true, locationContextEnabled=true, browserName=firefox, takesScreenshot=true, javascriptEnabled=true, cssSelectorsEnabled=true}]
Session ID: 04e31302-cd74-4c04-b877-101305bb45e1
	at org.openqa.selenium.remote.ErrorHandler.createThrowable(ErrorHandler.java:206)
	at org.openqa.selenium.remote.ErrorHandler.throwIfResponseFailed(ErrorHandler.java:158)
	at org.openqa.selenium.remote.RemoteWebDriver.execute(RemoteWebDriver.java:678)
	at org.openqa.selenium.remote.RemoteWebDriver.get(RemoteWebDriver.java:316)
	at com.test.skytap.BaseFixture.uploadVM(BaseFixture.java:317)
	at com.test.skytap.Q_Import_Export.importVM(Q_Import_Export.java:45)
	at com.test.skytap.Q_ImportExportTest.importVM(Q_ImportExportTest.java:25)
	at java.util.concurrent.FutureTask.run(Unknown Source)
	at java.util.concurrent.ThreadPoolExecutor.runWorker(Unknown Source)
	at java.util.concurrent.ThreadPoolExecutor$Worker.run(Unknown Source)
	at java.lang.Thread.run(Unknown Source)
Caused by: org.openqa.selenium.WebDriverException: Component returned failure code: 0x80520012 (NS_ERROR_FILE_NOT_FOUND) [nsIWebNavigation.loadURIWithOptions]
Build info: version: '2.53.0', revision: '35ae25b1534ae328c771e0856c93e187490ca824', time: '2016-03-15 10:43:46'
System info: host: 'host-1', ip: '10.1.14.172', os.name: 'Windows 7', os.arch: 'x86', os.version: '6.1', java.version: '1.8.0_101'
Driver info: driver.version: unknown
	at <anonymous class>._loadURIWithFlags(chrome://browser/content/browser.js:862)
	at <anonymous class>.loadURIWithFlags(chrome://browser/content/tabbrowser.xml:6619)
	at <anonymous class>.loadURI(chrome://global/content/bindings/browser.xml:114)
	at <anonymous class>.loadURI(chrome://browser/content/tabbrowser.xml:3746)
	at <anonymous class>.FirefoxDriver.prototype.get(file:///C:/Users/Skytap/AppData/Local/Temp/anonymous1778203213011991368webdriver-profile/extensions/fxdriver@googlecode.com/components/driver-component.js:10641)
	at <anonymous class>.DelayedCommand.prototype.executeInternal_/h(file:///C:/Users/Skytap/AppData/Local/Temp/anonymous1778203213011991368webdriver-profile/extensions/fxdriver@googlecode.com/components/command-processor.js:12661)
	at <anonymous class>.fxdriver.Timer.prototype.setTimeout/<.notify(file:///C:/Users/Skytap/AppData/Local/Temp/anonymous1778203213011991368webdriver-profile/extensions/fxdriver@googlecode.com/components/command-processor.js:625)
... Removed 20 stack frames]]>
    </failure>
  </testcase> <!-- importVM -->
  <testcase name="connectivity" time="7.253" classname="com.test.skytap.R_ConnectivityTest"/>
  <testcase name="fetchPIP" time="88.614" classname="com.test.skytap.S_VPNTest"/>
  <testcase name="createRunEnviornments" time="34.838" classname="com.test.skytap.S_VPNTest"/>
  <testcase name="createVPN1" time="14.132" classname="com.test.skytap.S_VPNTest"/>
  <testcase name="createVPN2" time="19.672" classname="com.test.skytap.S_VPNTest"/>
  <testcase name="connectVPNs" time="18.123" classname="com.test.skytap.S_VPNTest"/>
  <testcase name="testVPN1" time="22.993" classname="com.test.skytap.S_VPNTest"/>
  <testcase name="testVPN2" time="23.414" classname="com.test.skytap.S_VPNTest"/>
  <testcase name="deleteVPN" time="28.698" classname="com.test.skytap.S_VPNTest"/>
  <testcase name="deleteEnvironment" time="53.62" classname="com.test.skytap.S_VPNTest"/>
  <testcase name="releasePIP" time="10.704" classname="com.test.skytap.S_VPNTest"/>
  <testcase name="createScheduleAdmin" time="4.653" classname="com.test.skytap.V_ScheduleTest"/>
  <testcase name="createScheduleNonAdmin" time="22.036" classname="com.test.skytap.V_ScheduleTest"/>
  <testcase name="schedulesList" time="1.081" classname="com.test.skytap.V_ScheduleTest"/>
  <testcase name="deleteAllEnvironments" time="10.483" classname="com.test.skytap.Y_DeleteResourcesTest"/>
  <testcase name="deleteAllTemplates" time="11.476" classname="com.test.skytap.Y_DeleteResourcesTest"/>
  <testcase name="deleteAllExports" time="13.373" classname="com.test.skytap.Y_DeleteResourcesTest"/>
  <testcase name="deleteAllImports" time="20.009" classname="com.test.skytap.Y_DeleteResourcesTest"/>
</testsuite> <!-- Skytap Test -->
