<?xml version="1.0" encoding="UTF-8"?>
<!-- Generated by org.testng.reporters.JUnitReportReporter -->
<testsuite hostname="host-1" name="com.test.skytap.E_TemplatesConfigurationsTest" tests="15" failures="0" timestamp="13 Oct 2016 11:43:40 GMT" time="1235.492" errors="1">
  <testcase name="runEnv" time="180.141" classname="com.test.skytap.E_TemplatesConfigurationsTest"/>
  <testcase name="publishVM" time="6.708" classname="com.test.skytap.E_TemplatesConfigurationsTest"/>
  <testcase name="insertISO" time="28.447" classname="com.test.skytap.E_TemplatesConfigurationsTest"/>
  <testcase name="addTemplateToEnvironment" time="20.998" classname="com.test.skytap.E_TemplatesConfigurationsTest"/>
  <testcase name="createAndRunVmInEnvironment" time="38.865" classname="com.test.skytap.E_TemplatesConfigurationsTest"/>
  <testcase name="shutDownEnv" time="44.833" classname="com.test.skytap.E_TemplatesConfigurationsTest"/>
  <testcase name="createTemplate" time="5.901" classname="com.test.skytap.E_TemplatesConfigurationsTest"/>
  <testcase name="powerOffEnv" time="54.705" classname="com.test.skytap.E_TemplatesConfigurationsTest"/>
  <testcase name="powerOffVM" time="34.664" classname="com.test.skytap.E_TemplatesConfigurationsTest"/>
  <testcase name="searchTemplates" time="6.375" classname="com.test.skytap.E_TemplatesConfigurationsTest"/>
  <testcase name="deleteVmAndEnv" time="36.513" classname="com.test.skytap.E_TemplatesConfigurationsTest"/>
  <testcase name="suspendEnv" time="223.610" classname="com.test.skytap.E_TemplatesConfigurationsTest"/>
  <testcase name="suspendVM" time="226.307" classname="com.test.skytap.E_TemplatesConfigurationsTest"/>
  <testcase name="saveEnv" time="20.004" classname="com.test.skytap.E_TemplatesConfigurationsTest"/>
  <testcase name="shutDownVM" time="307.421" classname="com.test.skytap.E_TemplatesConfigurationsTest">
    <error type="org.openqa.selenium.TimeoutException" message="Timed out after 300 seconds waiting for visibility of element located by By.xpath: //span[@title=&#039;Powered off&#039;]
Build info: version: &#039;2.53.0&#039;, revision: &#039;35ae25b1534ae328c771e0856c93e187490ca824&#039;, time: &#039;2016-03-15 10:43:46&#039;
System info: host: &#039;host-1&#039;, ip: &#039;10.1.14.172&#039;, os.name: &#039;Windows 7&#039;, os.arch: &#039;x86&#039;, os.version: &#039;6.1&#039;, java.version: &#039;1.8.0_101&#039;
Driver info: org.openqa.selenium.firefox.FirefoxDriver
Capabilities [{applicationCacheEnabled=true, rotatable=false, handlesAlerts=true, databaseEnabled=true, version=46.0, platform=WINDOWS, nativeEvents=false, acceptSslCerts=true, webStorageEnabled=true, locationContextEnabled=true, browserName=firefox, takesScreenshot=true, javascriptEnabled=true, cssSelectorsEnabled=true}]
Session ID: ecb7fe72-c1e9-4c35-a49f-6751991f2b40">
      <![CDATA[org.openqa.selenium.TimeoutException: Timed out after 300 seconds waiting for visibility of element located by By.xpath: //span[@title='Powered off']
Build info: version: '2.53.0', revision: '35ae25b1534ae328c771e0856c93e187490ca824', time: '2016-03-15 10:43:46'
System info: host: 'host-1', ip: '10.1.14.172', os.name: 'Windows 7', os.arch: 'x86', os.version: '6.1', java.version: '1.8.0_101'
Driver info: org.openqa.selenium.firefox.FirefoxDriver
Capabilities [{applicationCacheEnabled=true, rotatable=false, handlesAlerts=true, databaseEnabled=true, version=46.0, platform=WINDOWS, nativeEvents=false, acceptSslCerts=true, webStorageEnabled=true, locationContextEnabled=true, browserName=firefox, takesScreenshot=true, javascriptEnabled=true, cssSelectorsEnabled=true}]
Session ID: ecb7fe72-c1e9-4c35-a49f-6751991f2b40
	at org.openqa.selenium.support.ui.WebDriverWait.timeoutException(WebDriverWait.java:80)
	at org.openqa.selenium.support.ui.FluentWait.until(FluentWait.java:261)
	at com.test.skytap.E_TemplatesConfigurations.shutDownVM(E_TemplatesConfigurations.java:114)
	at com.test.skytap.E_TemplatesConfigurationsTest.shutDownVM(E_TemplatesConfigurationsTest.java:53)
	at sun.reflect.NativeMethodAccessorImpl.invoke0(Native Method)
	at sun.reflect.NativeMethodAccessorImpl.invoke(Unknown Source)
	at sun.reflect.DelegatingMethodAccessorImpl.invoke(Unknown Source)
	at java.lang.reflect.Method.invoke(Unknown Source)
	at org.testng.internal.MethodInvocationHelper.invokeMethod(MethodInvocationHelper.java:86)
	at org.testng.internal.Invoker.invokeMethod(Invoker.java:643)
	at org.testng.internal.Invoker.invokeTestMethod(Invoker.java:820)
	at org.testng.internal.Invoker.invokeTestMethods(Invoker.java:1128)
	at org.testng.internal.TestMethodWorker.invokeTestMethods(TestMethodWorker.java:129)
	at org.testng.internal.TestMethodWorker.run(TestMethodWorker.java:112)
	at org.testng.TestRunner.privateRun(TestRunner.java:782)
	at org.testng.TestRunner.run(TestRunner.java:632)
	at org.testng.SuiteRunner.runTest(SuiteRunner.java:366)
	at org.testng.SuiteRunner.access$000(SuiteRunner.java:39)
	at org.testng.SuiteRunner$SuiteWorker.run(SuiteRunner.java:400)
	at org.testng.internal.thread.ThreadUtil$2.call(ThreadUtil.java:64)
	at java.util.concurrent.FutureTask.run(Unknown Source)
	at java.util.concurrent.ThreadPoolExecutor.runWorker(Unknown Source)
	at java.util.concurrent.ThreadPoolExecutor$Worker.run(Unknown Source)
	at java.lang.Thread.run(Unknown Source)
Caused by: org.openqa.selenium.NoSuchElementException: Unable to locate element: {"method":"xpath","selector":"//span[@title='Powered off']"}
Command duration or timeout: 20.02 seconds
For documentation on this error, please visit: http://seleniumhq.org/exceptions/no_such_element.html
Build info: version: '2.53.0', revision: '35ae25b1534ae328c771e0856c93e187490ca824', time: '2016-03-15 10:43:46'
System info: host: 'host-1', ip: '10.1.14.172', os.name: 'Windows 7', os.arch: 'x86', os.version: '6.1', java.version: '1.8.0_101'
Driver info: org.openqa.selenium.firefox.FirefoxDriver
Capabilities [{applicationCacheEnabled=true, rotatable=false, handlesAlerts=true, databaseEnabled=true, version=46.0, platform=WINDOWS, nativeEvents=false, acceptSslCerts=true, webStorageEnabled=true, locationContextEnabled=true, browserName=firefox, takesScreenshot=true, javascriptEnabled=true, cssSelectorsEnabled=true}]
Session ID: ecb7fe72-c1e9-4c35-a49f-6751991f2b40
*** Element info: {Using=xpath, value=//span[@title='Powered off']}
	at sun.reflect.GeneratedConstructorAccessor22.newInstance(Unknown Source)
	at sun.reflect.DelegatingConstructorAccessorImpl.newInstance(Unknown Source)
	at java.lang.reflect.Constructor.newInstance(Unknown Source)
	at org.openqa.selenium.remote.ErrorHandler.createThrowable(ErrorHandler.java:206)
	at org.openqa.selenium.remote.ErrorHandler.throwIfResponseFailed(ErrorHandler.java:158)
	at org.openqa.selenium.remote.RemoteWebDriver.execute(RemoteWebDriver.java:678)
	at org.openqa.selenium.remote.RemoteWebDriver.findElement(RemoteWebDriver.java:363)
	at org.openqa.selenium.remote.RemoteWebDriver.findElementByXPath(RemoteWebDriver.java:500)
	at org.openqa.selenium.By$ByXPath.findElement(By.java:361)
	at org.openqa.selenium.remote.RemoteWebDriver.findElement(RemoteWebDriver.java:355)
	at org.openqa.selenium.support.ui.ExpectedConditions.findElement(ExpectedConditions.java:899)
	at org.openqa.selenium.support.ui.ExpectedConditions.access$000(ExpectedConditions.java:41)
	at org.openqa.selenium.support.ui.ExpectedConditions$7.apply(ExpectedConditions.java:205)
	at org.openqa.selenium.support.ui.ExpectedConditions$7.apply(ExpectedConditions.java:201)
	at org.openqa.selenium.support.ui.FluentWait.until(FluentWait.java:238)
	... 22 more
Caused by: org.openqa.selenium.NoSuchElementException: Unable to locate element: {"method":"xpath","selector":"//span[@title='Powered off']"}
For documentation on this error, please visit: http://seleniumhq.org/exceptions/no_such_element.html
Build info: version: '2.53.0', revision: '35ae25b1534ae328c771e0856c93e187490ca824', time: '2016-03-15 10:43:46'
System info: host: 'host-1', ip: '10.1.14.172', os.name: 'Windows 7', os.arch: 'x86', os.version: '6.1', java.version: '1.8.0_101'
Driver info: driver.version: unknown
	at <anonymous class>.FirefoxDriver.prototype.findElementInternal_(file:///C:/Users/Skytap/AppData/Local/Temp/anonymous3313986832573192344webdriver-profile/extensions/fxdriver@googlecode.com/components/driver-component.js:10770)
	at <anonymous class>.fxdriver.Timer.prototype.setTimeout/<.notify(file:///C:/Users/Skytap/AppData/Local/Temp/anonymous3313986832573192344webdriver-profile/extensions/fxdriver@googlecode.com/components/driver-component.js:625)
]]>
    </error>
  </testcase> <!-- shutDownVM -->
</testsuite> <!-- com.test.skytap.E_TemplatesConfigurationsTest -->
